{"level":"error","message":"Tue May 24 2022 21:55:55 GMT+0200 (Eastern European Standard Time)-{\"name\":\"Data Not found\",\"statusCode\":500,\"isOperational\":true}","private":true}
{"level":"error","message":"Tue May 24 2022 21:56:24 GMT+0200 (Eastern European Standard Time)-{\"name\":\"Data Not found\",\"statusCode\":500,\"isOperational\":true}","private":true}
{"level":"error","message":"Tue May 24 2022 23:50:09 GMT+0200 (Eastern European Standard Time)-{}","private":true}
{"level":"error","message":"Tue May 24 2022 23:57:03 GMT+0200 (Eastern European Standard Time)-{\"name\":\"Data Not found\",\"statusCode\":500,\"isOperational\":true}","private":true}
{"level":"error","message":"Wed May 25 2022 00:09:47 GMT+0200 (Eastern European Standard Time)-{\"name\":\"Data Not found\",\"statusCode\":500,\"isOperational\":true}","private":true}
{"level":"error","message":"Wed May 25 2022 00:09:48 GMT+0200 (Eastern European Standard Time)-{\"name\":\"Data Not found\",\"statusCode\":500,\"isOperational\":true}","private":true}
{"level":"error","message":"Wed May 25 2022 00:09:49 GMT+0200 (Eastern European Standard Time)-{\"name\":\"Data Not found\",\"statusCode\":500,\"isOperational\":true}","private":true}
{"level":"error","message":"Wed May 25 2022 00:16:20 GMT+0200 (Eastern European Standard Time)-{\"name\":\"Data Not found\",\"statusCode\":500,\"isOperational\":true}","private":true}
{"level":"error","message":"Wed May 25 2022 00:16:24 GMT+0200 (Eastern European Standard Time)-{\"name\":\"Data Not found\",\"statusCode\":500,\"isOperational\":true}","private":true}
{"level":"error","message":"Wed May 25 2022 22:08:11 GMT+0200 (Eastern European Standard Time)-{\"name\":\"Data Not found\",\"statusCode\":500,\"isOperational\":true}","private":true}
{"level":"error","message":"Fri May 27 2022 11:45:00 GMT+0200 (Eastern European Standard Time)-{\"name\":\"Data Not found\",\"statusCode\":500,\"isOperational\":true}","private":true}
{"level":"error","message":"Fri May 27 2022 11:54:58 GMT+0200 (Eastern European Standard Time)-{\"name\":\"Data Not found\",\"statusCode\":500,\"isOperational\":true}","private":true}
{"level":"error","message":"Fri May 27 2022 14:03:52 GMT+0200 (Eastern European Standard Time)-{\"name\":\"Data Not found\",\"statusCode\":500,\"isOperational\":true}","private":true}
{"level":"error","message":"Fri May 27 2022 14:44:56 GMT+0200 (Eastern European Standard Time)-{\"name\":\"Data Not found\",\"statusCode\":500,\"isOperational\":true}","private":true}
{"level":"error","message":"Fri May 27 2022 17:18:04 GMT+0200 (Eastern European Standard Time)-{\"name\":\"Data Not found\",\"statusCode\":500,\"isOperational\":true}","private":true}
{"level":"error","message":"Fri May 27 2022 17:18:40 GMT+0200 (Eastern European Standard Time)-{\"name\":\"Data Not found\",\"statusCode\":500,\"isOperational\":true}","private":true}
{"level":"error","message":"Fri May 27 2022 21:12:08 GMT+0200 (Eastern European Standard Time)-{\"name\":\"Data Not found\",\"statusCode\":500,\"isOperational\":true}","private":true}
{"level":"error","message":"Fri May 27 2022 21:14:18 GMT+0200 (Eastern European Standard Time)-{\"name\":\"Data Not found\",\"statusCode\":500,\"isOperational\":true}","private":true}
{"level":"error","message":"Fri May 27 2022 21:14:31 GMT+0200 (Eastern European Standard Time)-{\"name\":\"Data Not found\",\"statusCode\":500,\"isOperational\":true}","private":true}
{"level":"error","message":"Fri May 27 2022 21:14:36 GMT+0200 (Eastern European Standard Time)-{\"name\":\"Data Not found\",\"statusCode\":500,\"isOperational\":true}","private":true}
{"level":"error","message":"Fri May 27 2022 21:15:16 GMT+0200 (Eastern European Standard Time)-{\"name\":\"Data Not found\",\"statusCode\":500,\"isOperational\":true}","private":true}
{"level":"error","message":"Fri May 27 2022 21:15:29 GMT+0200 (Eastern European Standard Time)-{}","private":true}
{"level":"error","message":"Fri May 27 2022 21:19:15 GMT+0200 (Eastern European Standard Time)-{\"name\":\"Data Not found\",\"statusCode\":500,\"isOperational\":true}","private":true}
{"level":"error","message":"Fri May 27 2022 21:19:55 GMT+0200 (Eastern European Standard Time)-{\"name\":\"Data Not found\",\"statusCode\":500,\"isOperational\":true}","private":true}
{"level":"error","message":"Fri May 27 2022 21:20:03 GMT+0200 (Eastern European Standard Time)-{\"name\":\"Data Not found\",\"statusCode\":500,\"isOperational\":true}","private":true}
{"level":"error","message":"Fri May 27 2022 21:20:05 GMT+0200 (Eastern European Standard Time)-{\"name\":\"Data Not found\",\"statusCode\":500,\"isOperational\":true}","private":true}
{"level":"error","message":"Fri May 27 2022 21:21:00 GMT+0200 (Eastern European Standard Time)-{\"name\":\"Data Not found\",\"statusCode\":500,\"isOperational\":true}","private":true}
{"level":"error","message":"Fri May 27 2022 21:21:06 GMT+0200 (Eastern European Standard Time)-{\"name\":\"Data Not found\",\"statusCode\":500,\"isOperational\":true}","private":true}
{"level":"error","message":"Fri May 27 2022 21:21:29 GMT+0200 (Eastern European Standard Time)-{\"name\":\"Data Not found\",\"statusCode\":500,\"isOperational\":true}","private":true}
{"level":"error","message":"Fri May 27 2022 21:21:30 GMT+0200 (Eastern European Standard Time)-{\"name\":\"Data Not found\",\"statusCode\":500,\"isOperational\":true}","private":true}
{"level":"error","message":"Fri May 27 2022 21:21:35 GMT+0200 (Eastern European Standard Time)-{\"name\":\"Data Not found\",\"statusCode\":500,\"isOperational\":true}","private":true}
{"level":"error","message":"Fri May 27 2022 21:23:33 GMT+0200 (Eastern European Standard Time)-{\"name\":\"Data Not found\",\"statusCode\":500,\"isOperational\":true}","private":true}
{"level":"error","message":"Fri May 27 2022 21:23:43 GMT+0200 (Eastern European Standard Time)-{\"name\":\"Data Not found\",\"statusCode\":500,\"isOperational\":true}","private":true}
{"level":"error","message":"Fri May 27 2022 21:26:36 GMT+0200 (Eastern European Standard Time)-{\"name\":\"Data Not found\",\"statusCode\":500,\"isOperational\":true}","private":true}
{"level":"error","message":"Fri May 27 2022 21:26:39 GMT+0200 (Eastern European Standard Time)-{\"name\":\"Data Not found\",\"statusCode\":500,\"isOperational\":true}","private":true}
{"level":"error","message":"Fri May 27 2022 21:26:45 GMT+0200 (Eastern European Standard Time)-{\"name\":\"Data Not found\",\"statusCode\":500,\"isOperational\":true}","private":true}
{"level":"error","message":"Fri May 27 2022 21:42:22 GMT+0200 (Eastern European Standard Time)-{}","private":true}
{"level":"error","message":"Fri May 27 2022 21:44:09 GMT+0200 (Eastern European Standard Time)-{}","private":true}
{"level":"error","message":"Fri May 27 2022 21:48:53 GMT+0200 (Eastern European Standard Time)-{}","private":true}
{"level":"error","message":"Fri May 27 2022 21:52:37 GMT+0200 (Eastern European Standard Time)-{}","private":true}
{"level":"error","message":"Fri May 27 2022 21:53:50 GMT+0200 (Eastern European Standard Time)-{}","private":true}
{"level":"error","message":"Fri May 27 2022 21:55:18 GMT+0200 (Eastern European Standard Time)-{}","private":true}
{"level":"error","message":"Fri May 27 2022 22:00:01 GMT+0200 (Eastern European Standard Time)-{}","private":true}
{"level":"error","message":"Fri May 27 2022 22:18:25 GMT+0200 (Eastern European Standard Time)-{}","private":true}
{"level":"error","message":"Fri May 27 2022 22:24:05 GMT+0200 (Eastern European Standard Time)-{}","private":true}
{"level":"error","message":"Fri May 27 2022 23:10:34 GMT+0200 (Eastern European Standard Time)-{}","private":true}
{"level":"error","message":"Fri May 27 2022 23:12:39 GMT+0200 (Eastern European Standard Time)-{}","private":true}
{"level":"error","message":"Fri May 27 2022 23:14:28 GMT+0200 (Eastern European Standard Time)-{}","private":true}
{"level":"error","message":"Fri May 27 2022 23:38:28 GMT+0200 (Eastern European Standard Time)-{}","private":true}
{"level":"error","message":"Fri May 27 2022 23:39:53 GMT+0200 (Eastern European Standard Time)-{}","private":true}
{"level":"error","message":"Sat May 28 2022 01:44:56 GMT+0200 (Eastern European Standard Time)-{}","private":true}
{"level":"error","message":"Sat May 28 2022 02:36:06 GMT+0200 (Eastern European Standard Time)-{}","private":true}
{"level":"error","message":"Sun May 29 2022 14:00:37 GMT+0200 (Eastern European Standard Time)-{\"name\":\"Data Not found\",\"statusCode\":500,\"isOperational\":true}","private":true}
{"level":"error","message":"Sun May 29 2022 14:00:39 GMT+0200 (Eastern European Standard Time)-{\"name\":\"Data Not found\",\"statusCode\":500,\"isOperational\":true}","private":true}
{"level":"error","message":"Sun May 29 2022 14:00:41 GMT+0200 (Eastern European Standard Time)-{\"name\":\"Data Not found\",\"statusCode\":500,\"isOperational\":true}","private":true}
{"level":"error","message":"Sun May 29 2022 15:22:01 GMT+0200 (Eastern European Standard Time)-{}","private":true}
{"level":"error","message":"Sun May 29 2022 15:48:41 GMT+0200 (Eastern European Standard Time)-{}","private":true}
{"level":"error","message":"Sun May 29 2022 15:50:05 GMT+0200 (Eastern European Standard Time)-{}","private":true}
{"level":"error","message":"Sun May 29 2022 15:51:04 GMT+0200 (Eastern European Standard Time)-{}","private":true}
{"level":"error","message":"Sun May 29 2022 16:27:02 GMT+0200 (Eastern European Standard Time)-{}","private":true}
{"level":"error","message":"Sun May 29 2022 16:27:42 GMT+0200 (Eastern European Standard Time)-{}","private":true}
